<components>
    <component name="test"></component>
</components>